<?xml version="1.0" encoding="UTF-8"?>
<testsuite xmlns:xsi="http://www.w3.org/2001/XMLSchema-instance" xsi:noNamespaceSchemaLocation="https://maven.apache.org/surefire/maven-surefire-plugin/xsd/surefire-test-report.xsd" name="com.jt.AppTest" time="0.029" tests="1" errors="0" skipped="0" failures="0">
  <properties>
    <property name="sun.desktop" value="windows"/>
    <property name="awt.toolkit" value="sun.awt.windows.WToolkit"/>
    <property name="file.encoding.pkg" value="sun.io"/>
    <property name="java.specification.version" value="1.8"/>
    <property name="sun.cpu.isalist" value="amd64"/>
    <property name="sun.jnu.encoding" value="GBK"/>
    <property name="java.class.path" value="C:\Users\Administrator\Desktop\java\JT_Project\jtSys\jt-common\target\test-classes;C:\Users\Administrator\Desktop\java\JT_Project\jtSys\jt-common\target\classes;E:\maven_repository\junit\junit\4.10\junit-4.10.jar;E:\maven_repository\org\hamcrest\hamcrest-core\1.1\hamcrest-core-1.1.jar;E:\maven_repository\org\springframework\spring-webmvc\4.1.3.RELEASE\spring-webmvc-4.1.3.RELEASE.jar;E:\maven_repository\org\springframework\spring-beans\4.1.3.RELEASE\spring-beans-4.1.3.RELEASE.jar;E:\maven_repository\org\springframework\spring-context\4.1.3.RELEASE\spring-context-4.1.3.RELEASE.jar;E:\maven_repository\org\springframework\spring-aop\4.1.3.RELEASE\spring-aop-4.1.3.RELEASE.jar;E:\maven_repository\aopalliance\aopalliance\1.0\aopalliance-1.0.jar;E:\maven_repository\org\springframework\spring-core\4.1.3.RELEASE\spring-core-4.1.3.RELEASE.jar;E:\maven_repository\org\springframework\spring-expression\4.1.3.RELEASE\spring-expression-4.1.3.RELEASE.jar;E:\maven_repository\org\springframework\spring-web\4.1.3.RELEASE\spring-web-4.1.3.RELEASE.jar;E:\maven_repository\org\springframework\spring-jdbc\4.1.3.RELEASE\spring-jdbc-4.1.3.RELEASE.jar;E:\maven_repository\org\springframework\spring-tx\4.1.3.RELEASE\spring-tx-4.1.3.RELEASE.jar;E:\maven_repository\org\springframework\spring-aspects\4.1.3.RELEASE\spring-aspects-4.1.3.RELEASE.jar;E:\maven_repository\org\aspectj\aspectjweaver\1.8.4\aspectjweaver-1.8.4.jar;E:\maven_repository\org\mybatis\mybatis\3.2.8\mybatis-3.2.8.jar;E:\maven_repository\org\mybatis\mybatis-spring\1.2.2\mybatis-spring-1.2.2.jar;E:\maven_repository\com\github\miemiedev\mybatis-paginator\1.2.15\mybatis-paginator-1.2.15.jar;E:\maven_repository\org\slf4j\slf4j-api\1.7.2\slf4j-api-1.7.2.jar;E:\maven_repository\mysql\mysql-connector-java\5.1.32\mysql-connector-java-5.1.32.jar;E:\maven_repository\com\alibaba\druid\1.0.29\druid-1.0.29.jar;C:\Program Files\Java\jdk1.8.0_131\jre\..\lib\jconsole.jar;C:\Program Files\Java\jdk1.8.0_131\jre\..\lib\tools.jar;E:\maven_repository\com\github\abel533\mapper\2.3.2\mapper-2.3.2.jar;E:\maven_repository\javax\persistence\persistence-api\1.0\persistence-api-1.0.jar;E:\maven_repository\commons-beanutils\commons-beanutils\1.9.2\commons-beanutils-1.9.2.jar;E:\maven_repository\commons-collections\commons-collections\3.2.1\commons-collections-3.2.1.jar;E:\maven_repository\com\github\pagehelper\pagehelper\3.4.2\pagehelper-3.4.2.jar;E:\maven_repository\com\github\jsqlparser\jsqlparser\0.9.1\jsqlparser-0.9.1.jar;E:\maven_repository\com\jolbox\bonecp-spring\0.8.0.RELEASE\bonecp-spring-0.8.0.RELEASE.jar;E:\maven_repository\com\jolbox\bonecp\0.8.0.RELEASE\bonecp-0.8.0.RELEASE.jar;E:\maven_repository\com\google\guava\guava\15.0\guava-15.0.jar;E:\maven_repository\org\slf4j\slf4j-log4j12\1.6.4\slf4j-log4j12-1.6.4.jar;E:\maven_repository\log4j\log4j\1.2.16\log4j-1.2.16.jar;E:\maven_repository\com\fasterxml\jackson\core\jackson-databind\2.4.2\jackson-databind-2.4.2.jar;E:\maven_repository\com\fasterxml\jackson\core\jackson-annotations\2.4.0\jackson-annotations-2.4.0.jar;E:\maven_repository\com\fasterxml\jackson\core\jackson-core\2.4.2\jackson-core-2.4.2.jar;E:\maven_repository\org\apache\httpcomponents\httpclient\4.3.5\httpclient-4.3.5.jar;E:\maven_repository\org\apache\httpcomponents\httpcore\4.3.2\httpcore-4.3.2.jar;E:\maven_repository\commons-logging\commons-logging\1.1.3\commons-logging-1.1.3.jar;E:\maven_repository\org\apache\httpcomponents\httpmime\4.3.1\httpmime-4.3.1.jar;E:\maven_repository\com\rabbitmq\amqp-client\3.5.1\amqp-client-3.5.1.jar;E:\maven_repository\org\springframework\amqp\spring-rabbit\1.4.0.RELEASE\spring-rabbit-1.4.0.RELEASE.jar;E:\maven_repository\org\springframework\amqp\spring-amqp\1.4.0.RELEASE\spring-amqp-1.4.0.RELEASE.jar;E:\maven_repository\org\springframework\spring-messaging\4.1.2.RELEASE\spring-messaging-4.1.2.RELEASE.jar;E:\maven_repository\org\springframework\retry\spring-retry\1.1.2.RELEASE\spring-retry-1.1.2.RELEASE.jar;E:\maven_repository\jstl\jstl\1.2\jstl-1.2.jar;E:\maven_repository\javax\servlet\servlet-api\2.5\servlet-api-2.5.jar;E:\maven_repository\javax\servlet\jsp-api\2.0\jsp-api-2.0.jar;E:\maven_repository\joda-time\joda-time\2.5\joda-time-2.5.jar;E:\maven_repository\org\apache\commons\commons-lang3\3.3.2\commons-lang3-3.3.2.jar;E:\maven_repository\org\apache\commons\commons-io\2.4\commons-io-2.4.jar;E:\maven_repository\commons-fileupload\commons-fileupload\1.3.1\commons-fileupload-1.3.1.jar;E:\maven_repository\commons-io\commons-io\2.2\commons-io-2.2.jar;E:\maven_repository\redis\clients\jedis\2.6.0\jedis-2.6.0.jar;E:\maven_repository\org\apache\commons\commons-pool2\2.0\commons-pool2-2.0.jar;E:\maven_repository\commons-codec\commons-codec\1.9\commons-codec-1.9.jar;E:\maven_repository\org\hibernate\hibernate-validator\5.1.3.Final\hibernate-validator-5.1.3.Final.jar;E:\maven_repository\javax\validation\validation-api\1.1.0.Final\validation-api-1.1.0.Final.jar;E:\maven_repository\org\jboss\logging\jboss-logging\3.1.3.GA\jboss-logging-3.1.3.GA.jar;E:\maven_repository\com\fasterxml\classmate\1.0.0\classmate-1.0.0.jar;"/>
    <property name="java.vm.vendor" value="Oracle Corporation"/>
    <property name="sun.arch.data.model" value="64"/>
    <property name="user.variant" value=""/>
    <property name="java.vendor.url" value="http://java.oracle.com/"/>
    <property name="user.timezone" value="Asia/Shanghai"/>
    <property name="java.vm.specification.version" value="1.8"/>
    <property name="os.name" value="Windows 10"/>
    <property name="user.country" value="CN"/>
    <property name="sun.java.launcher" value="SUN_STANDARD"/>
    <property name="sun.boot.library.path" value="C:\Program Files\Java\jdk1.8.0_131\jre\bin"/>
    <property name="sun.java.command" value="C:\Users\ADMINI~1\AppData\Local\Temp\surefire1083064826504658702\surefirebooter3165721721912200831.jar C:\Users\Administrator\AppData\Local\Temp\surefire1083064826504658702 2019-08-22T20-09-26_905-jvmRun1 surefire1624698818049934978tmp surefire_07445259486070782329tmp"/>
    <property name="surefire.test.class.path" value="C:\Users\Administrator\Desktop\java\JT_Project\jtSys\jt-common\target\test-classes;C:\Users\Administrator\Desktop\java\JT_Project\jtSys\jt-common\target\classes;E:\maven_repository\junit\junit\4.10\junit-4.10.jar;E:\maven_repository\org\hamcrest\hamcrest-core\1.1\hamcrest-core-1.1.jar;E:\maven_repository\org\springframework\spring-webmvc\4.1.3.RELEASE\spring-webmvc-4.1.3.RELEASE.jar;E:\maven_repository\org\springframework\spring-beans\4.1.3.RELEASE\spring-beans-4.1.3.RELEASE.jar;E:\maven_repository\org\springframework\spring-context\4.1.3.RELEASE\spring-context-4.1.3.RELEASE.jar;E:\maven_repository\org\springframework\spring-aop\4.1.3.RELEASE\spring-aop-4.1.3.RELEASE.jar;E:\maven_repository\aopalliance\aopalliance\1.0\aopalliance-1.0.jar;E:\maven_repository\org\springframework\spring-core\4.1.3.RELEASE\spring-core-4.1.3.RELEASE.jar;E:\maven_repository\org\springframework\spring-expression\4.1.3.RELEASE\spring-expression-4.1.3.RELEASE.jar;E:\maven_repository\org\springframework\spring-web\4.1.3.RELEASE\spring-web-4.1.3.RELEASE.jar;E:\maven_repository\org\springframework\spring-jdbc\4.1.3.RELEASE\spring-jdbc-4.1.3.RELEASE.jar;E:\maven_repository\org\springframework\spring-tx\4.1.3.RELEASE\spring-tx-4.1.3.RELEASE.jar;E:\maven_repository\org\springframework\spring-aspects\4.1.3.RELEASE\spring-aspects-4.1.3.RELEASE.jar;E:\maven_repository\org\aspectj\aspectjweaver\1.8.4\aspectjweaver-1.8.4.jar;E:\maven_repository\org\mybatis\mybatis\3.2.8\mybatis-3.2.8.jar;E:\maven_repository\org\mybatis\mybatis-spring\1.2.2\mybatis-spring-1.2.2.jar;E:\maven_repository\com\github\miemiedev\mybatis-paginator\1.2.15\mybatis-paginator-1.2.15.jar;E:\maven_repository\org\slf4j\slf4j-api\1.7.2\slf4j-api-1.7.2.jar;E:\maven_repository\mysql\mysql-connector-java\5.1.32\mysql-connector-java-5.1.32.jar;E:\maven_repository\com\alibaba\druid\1.0.29\druid-1.0.29.jar;C:\Program Files\Java\jdk1.8.0_131\jre\..\lib\jconsole.jar;C:\Program Files\Java\jdk1.8.0_131\jre\..\lib\tools.jar;E:\maven_repository\com\github\abel533\mapper\2.3.2\mapper-2.3.2.jar;E:\maven_repository\javax\persistence\persistence-api\1.0\persistence-api-1.0.jar;E:\maven_repository\commons-beanutils\commons-beanutils\1.9.2\commons-beanutils-1.9.2.jar;E:\maven_repository\commons-collections\commons-collections\3.2.1\commons-collections-3.2.1.jar;E:\maven_repository\com\github\pagehelper\pagehelper\3.4.2\pagehelper-3.4.2.jar;E:\maven_repository\com\github\jsqlparser\jsqlparser\0.9.1\jsqlparser-0.9.1.jar;E:\maven_repository\com\jolbox\bonecp-spring\0.8.0.RELEASE\bonecp-spring-0.8.0.RELEASE.jar;E:\maven_repository\com\jolbox\bonecp\0.8.0.RELEASE\bonecp-0.8.0.RELEASE.jar;E:\maven_repository\com\google\guava\guava\15.0\guava-15.0.jar;E:\maven_repository\org\slf4j\slf4j-log4j12\1.6.4\slf4j-log4j12-1.6.4.jar;E:\maven_repository\log4j\log4j\1.2.16\log4j-1.2.16.jar;E:\maven_repository\com\fasterxml\jackson\core\jackson-databind\2.4.2\jackson-databind-2.4.2.jar;E:\maven_repository\com\fasterxml\jackson\core\jackson-annotations\2.4.0\jackson-annotations-2.4.0.jar;E:\maven_repository\com\fasterxml\jackson\core\jackson-core\2.4.2\jackson-core-2.4.2.jar;E:\maven_repository\org\apache\httpcomponents\httpclient\4.3.5\httpclient-4.3.5.jar;E:\maven_repository\org\apache\httpcomponents\httpcore\4.3.2\httpcore-4.3.2.jar;E:\maven_repository\commons-logging\commons-logging\1.1.3\commons-logging-1.1.3.jar;E:\maven_repository\org\apache\httpcomponents\httpmime\4.3.1\httpmime-4.3.1.jar;E:\maven_repository\com\rabbitmq\amqp-client\3.5.1\amqp-client-3.5.1.jar;E:\maven_repository\org\springframework\amqp\spring-rabbit\1.4.0.RELEASE\spring-rabbit-1.4.0.RELEASE.jar;E:\maven_repository\org\springframework\amqp\spring-amqp\1.4.0.RELEASE\spring-amqp-1.4.0.RELEASE.jar;E:\maven_repository\org\springframework\spring-messaging\4.1.2.RELEASE\spring-messaging-4.1.2.RELEASE.jar;E:\maven_repository\org\springframework\retry\spring-retry\1.1.2.RELEASE\spring-retry-1.1.2.RELEASE.jar;E:\maven_repository\jstl\jstl\1.2\jstl-1.2.jar;E:\maven_repository\javax\servlet\servlet-api\2.5\servlet-api-2.5.jar;E:\maven_repository\javax\servlet\jsp-api\2.0\jsp-api-2.0.jar;E:\maven_repository\joda-time\joda-time\2.5\joda-time-2.5.jar;E:\maven_repository\org\apache\commons\commons-lang3\3.3.2\commons-lang3-3.3.2.jar;E:\maven_repository\org\apache\commons\commons-io\2.4\commons-io-2.4.jar;E:\maven_repository\commons-fileupload\commons-fileupload\1.3.1\commons-fileupload-1.3.1.jar;E:\maven_repository\commons-io\commons-io\2.2\commons-io-2.2.jar;E:\maven_repository\redis\clients\jedis\2.6.0\jedis-2.6.0.jar;E:\maven_repository\org\apache\commons\commons-pool2\2.0\commons-pool2-2.0.jar;E:\maven_repository\commons-codec\commons-codec\1.9\commons-codec-1.9.jar;E:\maven_repository\org\hibernate\hibernate-validator\5.1.3.Final\hibernate-validator-5.1.3.Final.jar;E:\maven_repository\javax\validation\validation-api\1.1.0.Final\validation-api-1.1.0.Final.jar;E:\maven_repository\org\jboss\logging\jboss-logging\3.1.3.GA\jboss-logging-3.1.3.GA.jar;E:\maven_repository\com\fasterxml\classmate\1.0.0\classmate-1.0.0.jar;"/>
    <property name="sun.cpu.endian" value="little"/>
    <property name="user.home" value="C:\Users\Administrator"/>
    <property name="user.language" value="zh"/>
    <property name="java.specification.vendor" value="Oracle Corporation"/>
    <property name="java.home" value="C:\Program Files\Java\jdk1.8.0_131\jre"/>
    <property name="basedir" value="C:\Users\Administrator\Desktop\java\JT_Project\jtSys\jt-common"/>
    <property name="file.separator" value="\"/>
    <property name="line.separator" value="&#10;"/>
    <property name="java.vm.specification.vendor" value="Oracle Corporation"/>
    <property name="java.specification.name" value="Java Platform API Specification"/>
    <property name="java.awt.graphicsenv" value="sun.awt.Win32GraphicsEnvironment"/>
    <property name="surefire.real.class.path" value="C:\Users\ADMINI~1\AppData\Local\Temp\surefire1083064826504658702\surefirebooter3165721721912200831.jar"/>
    <property name="sun.boot.class.path" value="C:\Program Files\Java\jdk1.8.0_131\jre\lib\resources.jar;C:\Program Files\Java\jdk1.8.0_131\jre\lib\rt.jar;C:\Program Files\Java\jdk1.8.0_131\jre\lib\sunrsasign.jar;C:\Program Files\Java\jdk1.8.0_131\jre\lib\jsse.jar;C:\Program Files\Java\jdk1.8.0_131\jre\lib\jce.jar;C:\Program Files\Java\jdk1.8.0_131\jre\lib\charsets.jar;C:\Program Files\Java\jdk1.8.0_131\jre\lib\jfr.jar;C:\Program Files\Java\jdk1.8.0_131\jre\classes"/>
    <property name="user.script" value=""/>
    <property name="sun.management.compiler" value="HotSpot 64-Bit Tiered Compilers"/>
    <property name="java.runtime.version" value="1.8.0_131-b11"/>
    <property name="user.name" value="Administrator"/>
    <property name="path.separator" value=";"/>
    <property name="os.version" value="10.0"/>
    <property name="java.endorsed.dirs" value="C:\Program Files\Java\jdk1.8.0_131\jre\lib\endorsed"/>
    <property name="java.runtime.name" value="Java(TM) SE Runtime Environment"/>
    <property name="file.encoding" value="GBK"/>
    <property name="java.vm.name" value="Java HotSpot(TM) 64-Bit Server VM"/>
    <property name="localRepository" value="E:\maven_repository"/>
    <property name="java.vendor.url.bug" value="http://bugreport.sun.com/bugreport/"/>
    <property name="java.io.tmpdir" value="C:\Users\ADMINI~1\AppData\Local\Temp\"/>
    <property name="idea.version" value="2018.3.4"/>
    <property name="java.version" value="1.8.0_131"/>
    <property name="user.dir" value="C:\Users\Administrator\Desktop\java\JT_Project\jtSys\jt-common"/>
    <property name="os.arch" value="amd64"/>
    <property name="java.vm.specification.name" value="Java Virtual Machine Specification"/>
    <property name="java.awt.printerjob" value="sun.awt.windows.WPrinterJob"/>
    <property name="sun.os.patch.level" value=""/>
    <property name="java.library.path" value="C:\Program Files\Java\jdk1.8.0_131\jre\bin;C:\windows\Sun\Java\bin;C:\windows\system32;C:\windows;C:\ProgramData\Oracle\Java\javapath;C:\Program Files\Java\jdk-11.0.2\bin;C:\windows\system32\config\systemprofile\AppData\Local\Microsoft\WindowsApps;C:\windows\system32;C:\windows;C:\windows\System32\Wbem;C:\windows\System32\WindowsPowerShell\v1.0\;D:\nodejs;D:\apache-maven-3.5.2\bin;C:\Program Files\TortoiseGit\bin;D:\nodejs\;C:\Program Files\Pandoc\;C:\Users\Administrator\AppData\Local\Microsoft\WindowsApps;;d:\JetBrains\IntelliJ IDEA 2018.3.4\bin;;C:\Users\Administrator\AppData\Roaming\npm;."/>
    <property name="java.vm.info" value="mixed mode"/>
    <property name="java.vendor" value="Oracle Corporation"/>
    <property name="java.vm.version" value="25.131-b11"/>
    <property name="java.ext.dirs" value="C:\Program Files\Java\jdk1.8.0_131\jre\lib\ext;C:\windows\Sun\Java\lib\ext"/>
    <property name="sun.io.unicode.encoding" value="UnicodeLittle"/>
    <property name="maven.repo.local" value="E:\maven_repository"/>
    <property name="java.class.version" value="52.0"/>
  </properties>
  <testcase name="shouldAnswerWithTrue" classname="com.jt.AppTest" time="0.001"/>
</testsuite>